  Character.cpp
c:\users\l\documents\github\lee-do-hun\참고코드\과제\rpg상속완료\project3\mapdraw.h(20): warning C4838: 'int'에서 'SHORT'(으)로의 변환에는 축소 변환이 필요합니다.
c:\users\l\documents\github\lee-do-hun\참고코드\과제\rpg상속완료\project3\character.cpp(27): warning C4244: '인수': 'double'에서 'int'(으)로 변환하면서 데이터가 손실될 수 있습니다.
c:\users\l\documents\github\lee-do-hun\참고코드\과제\rpg상속완료\project3\character.cpp(33): warning C4244: '인수': 'double'에서 'int'(으)로 변환하면서 데이터가 손실될 수 있습니다.
c:\users\l\documents\github\lee-do-hun\참고코드\과제\rpg상속완료\project3\character.cpp(38): warning C4244: '인수': 'double'에서 'int'(으)로 변환하면서 데이터가 손실될 수 있습니다.
  GameSystem.cpp
c:\users\l\documents\github\lee-do-hun\참고코드\과제\rpg상속완료\project3\mapdraw.h(20): warning C4838: 'int'에서 'SHORT'(으)로의 변환에는 축소 변환이 필요합니다.
c:\users\l\documents\github\lee-do-hun\참고코드\과제\rpg상속완료\project3\gamesystem.cpp(33): warning C4244: '인수': 'double'에서 'int'(으)로 변환하면서 데이터가 손실될 수 있습니다.
c:\users\l\documents\github\lee-do-hun\참고코드\과제\rpg상속완료\project3\gamesystem.cpp(34): warning C4244: '인수': 'double'에서 'int'(으)로 변환하면서 데이터가 손실될 수 있습니다.
c:\users\l\documents\github\lee-do-hun\참고코드\과제\rpg상속완료\project3\gamesystem.cpp(35): warning C4244: '인수': 'double'에서 'int'(으)로 변환하면서 데이터가 손실될 수 있습니다.
c:\users\l\documents\github\lee-do-hun\참고코드\과제\rpg상속완료\project3\gamesystem.cpp(36): warning C4244: '인수': 'double'에서 'int'(으)로 변환하면서 데이터가 손실될 수 있습니다.
c:\users\l\documents\github\lee-do-hun\참고코드\과제\rpg상속완료\project3\gamesystem.cpp(39): warning C4244: '인수': 'double'에서 'int'(으)로 변환하면서 데이터가 손실될 수 있습니다.
c:\users\l\documents\github\lee-do-hun\참고코드\과제\rpg상속완료\project3\gamesystem.cpp(67): warning C4244: '인수': 'double'에서 'int'(으)로 변환하면서 데이터가 손실될 수 있습니다.
c:\users\l\documents\github\lee-do-hun\참고코드\과제\rpg상속완료\project3\gamesystem.cpp(68): warning C4244: '인수': 'double'에서 'int'(으)로 변환하면서 데이터가 손실될 수 있습니다.
c:\users\l\documents\github\lee-do-hun\참고코드\과제\rpg상속완료\project3\gamesystem.cpp(69): warning C4244: '인수': 'double'에서 'int'(으)로 변환하면서 데이터가 손실될 수 있습니다.
c:\users\l\documents\github\lee-do-hun\참고코드\과제\rpg상속완료\project3\gamesystem.cpp(70): warning C4244: '인수': 'double'에서 'int'(으)로 변환하면서 데이터가 손실될 수 있습니다.
c:\users\l\documents\github\lee-do-hun\참고코드\과제\rpg상속완료\project3\gamesystem.cpp(71): warning C4244: '인수': 'double'에서 'int'(으)로 변환하면서 데이터가 손실될 수 있습니다.
c:\users\l\documents\github\lee-do-hun\참고코드\과제\rpg상속완료\project3\gamesystem.cpp(72): warning C4244: '인수': 'double'에서 'int'(으)로 변환하면서 데이터가 손실될 수 있습니다.
c:\users\l\documents\github\lee-do-hun\참고코드\과제\rpg상속완료\project3\gamesystem.cpp(73): warning C4244: '인수': 'double'에서 'int'(으)로 변환하면서 데이터가 손실될 수 있습니다.
c:\users\l\documents\github\lee-do-hun\참고코드\과제\rpg상속완료\project3\gamesystem.cpp(75): warning C4244: '인수': 'double'에서 'int'(으)로 변환하면서 데이터가 손실될 수 있습니다.
c:\users\l\documents\github\lee-do-hun\참고코드\과제\rpg상속완료\project3\gamesystem.cpp(120): warning C4244: '인수': 'double'에서 'int'(으)로 변환하면서 데이터가 손실될 수 있습니다.
c:\users\l\documents\github\lee-do-hun\참고코드\과제\rpg상속완료\project3\gamesystem.cpp(194): warning C4244: '인수': 'double'에서 'int'(으)로 변환하면서 데이터가 손실될 수 있습니다.
c:\users\l\documents\github\lee-do-hun\참고코드\과제\rpg상속완료\project3\gamesystem.cpp(200): warning C4244: '인수': 'double'에서 'int'(으)로 변환하면서 데이터가 손실될 수 있습니다.
c:\users\l\documents\github\lee-do-hun\참고코드\과제\rpg상속완료\project3\gamesystem.cpp(201): warning C4244: '인수': 'double'에서 'int'(으)로 변환하면서 데이터가 손실될 수 있습니다.
c:\users\l\documents\github\lee-do-hun\참고코드\과제\rpg상속완료\project3\gamesystem.cpp(214): warning C4244: '인수': 'double'에서 'int'(으)로 변환하면서 데이터가 손실될 수 있습니다.
c:\users\l\documents\github\lee-do-hun\참고코드\과제\rpg상속완료\project3\gamesystem.cpp(267): warning C4244: '인수': 'double'에서 'int'(으)로 변환하면서 데이터가 손실될 수 있습니다.
c:\users\l\documents\github\lee-do-hun\참고코드\과제\rpg상속완료\project3\gamesystem.cpp(314): warning C4244: '인수': 'double'에서 'int'(으)로 변환하면서 데이터가 손실될 수 있습니다.
c:\users\l\documents\github\lee-do-hun\참고코드\과제\rpg상속완료\project3\gamesystem.cpp(320): warning C4244: '인수': 'double'에서 'int'(으)로 변환하면서 데이터가 손실될 수 있습니다.
c:\users\l\documents\github\lee-do-hun\참고코드\과제\rpg상속완료\project3\gamesystem.cpp(321): warning C4244: '인수': 'double'에서 'int'(으)로 변환하면서 데이터가 손실될 수 있습니다.
c:\users\l\documents\github\lee-do-hun\참고코드\과제\rpg상속완료\project3\gamesystem.cpp(376): warning C4244: '인수': 'double'에서 'int'(으)로 변환하면서 데이터가 손실될 수 있습니다.
c:\users\l\documents\github\lee-do-hun\참고코드\과제\rpg상속완료\project3\gamesystem.cpp(395): warning C4244: '인수': 'double'에서 'int'(으)로 변환하면서 데이터가 손실될 수 있습니다.
c:\users\l\documents\github\lee-do-hun\참고코드\과제\rpg상속완료\project3\gamesystem.cpp(397): warning C4244: '인수': 'double'에서 'int'(으)로 변환하면서 데이터가 손실될 수 있습니다.
c:\users\l\documents\github\lee-do-hun\참고코드\과제\rpg상속완료\project3\gamesystem.cpp(399): warning C4244: '인수': 'double'에서 'int'(으)로 변환하면서 데이터가 손실될 수 있습니다.
c:\users\l\documents\github\lee-do-hun\참고코드\과제\rpg상속완료\project3\gamesystem.cpp(401): warning C4244: '인수': 'double'에서 'int'(으)로 변환하면서 데이터가 손실될 수 있습니다.
c:\users\l\documents\github\lee-do-hun\참고코드\과제\rpg상속완료\project3\gamesystem.cpp(405): warning C4244: '인수': 'double'에서 'int'(으)로 변환하면서 데이터가 손실될 수 있습니다.
c:\users\l\documents\github\lee-do-hun\참고코드\과제\rpg상속완료\project3\gamesystem.cpp(414): warning C4305: '초기화 중': 'double'에서 'float'(으)로 잘립니다.
c:\users\l\documents\github\lee-do-hun\참고코드\과제\rpg상속완료\project3\gamesystem.cpp(422): warning C4244: '인수': 'float'에서 'int'(으)로 변환하면서 데이터가 손실될 수 있습니다.
c:\users\l\documents\github\lee-do-hun\참고코드\과제\rpg상속완료\project3\gamesystem.cpp(422): warning C4244: '인수': 'double'에서 'int'(으)로 변환하면서 데이터가 손실될 수 있습니다.
c:\users\l\documents\github\lee-do-hun\참고코드\과제\rpg상속완료\project3\gamesystem.cpp(424): warning C4305: '+=': 'double'에서 'float'(으)로 잘립니다.
c:\users\l\documents\github\lee-do-hun\참고코드\과제\rpg상속완료\project3\gamesystem.cpp(425): warning C4244: '인수': 'float'에서 'int'(으)로 변환하면서 데이터가 손실될 수 있습니다.
c:\users\l\documents\github\lee-do-hun\참고코드\과제\rpg상속완료\project3\gamesystem.cpp(425): warning C4244: '인수': 'double'에서 'int'(으)로 변환하면서 데이터가 손실될 수 있습니다.
c:\users\l\documents\github\lee-do-hun\참고코드\과제\rpg상속완료\project3\gamesystem.cpp(427): warning C4305: '+=': 'double'에서 'float'(으)로 잘립니다.
c:\users\l\documents\github\lee-do-hun\참고코드\과제\rpg상속완료\project3\gamesystem.cpp(428): warning C4244: '인수': 'float'에서 'int'(으)로 변환하면서 데이터가 손실될 수 있습니다.
c:\users\l\documents\github\lee-do-hun\참고코드\과제\rpg상속완료\project3\gamesystem.cpp(428): warning C4244: '인수': 'double'에서 'int'(으)로 변환하면서 데이터가 손실될 수 있습니다.
c:\users\l\documents\github\lee-do-hun\참고코드\과제\rpg상속완료\project3\gamesystem.cpp(430): warning C4305: '+=': 'double'에서 'float'(으)로 잘립니다.
c:\users\l\documents\github\lee-do-hun\참고코드\과제\rpg상속완료\project3\gamesystem.cpp(431): warning C4244: '인수': 'float'에서 'int'(으)로 변환하면서 데이터가 손실될 수 있습니다.
c:\users\l\documents\github\lee-do-hun\참고코드\과제\rpg상속완료\project3\gamesystem.cpp(431): warning C4244: '인수': 'double'에서 'int'(으)로 변환하면서 데이터가 손실될 수 있습니다.
c:\users\l\documents\github\lee-do-hun\참고코드\과제\rpg상속완료\project3\gamesystem.cpp(433): warning C4305: '+=': 'double'에서 'float'(으)로 잘립니다.
c:\users\l\documents\github\lee-do-hun\참고코드\과제\rpg상속완료\project3\gamesystem.cpp(451): warning C4244: '인수': 'double'에서 'int'(으)로 변환하면서 데이터가 손실될 수 있습니다.
c:\users\l\documents\github\lee-do-hun\참고코드\과제\rpg상속완료\project3\gamesystem.cpp(457): warning C4244: '인수': 'double'에서 'int'(으)로 변환하면서 데이터가 손실될 수 있습니다.
c:\users\l\documents\github\lee-do-hun\참고코드\과제\rpg상속완료\project3\gamesystem.cpp(461): warning C4244: '인수': 'double'에서 'int'(으)로 변환하면서 데이터가 손실될 수 있습니다.
c:\users\l\documents\github\lee-do-hun\참고코드\과제\rpg상속완료\project3\gamesystem.cpp(463): warning C4244: '인수': 'double'에서 'int'(으)로 변환하면서 데이터가 손실될 수 있습니다.
c:\users\l\documents\github\lee-do-hun\참고코드\과제\rpg상속완료\project3\gamesystem.cpp(591): warning C4244: '인수': 'double'에서 'int'(으)로 변환하면서 데이터가 손실될 수 있습니다.
c:\users\l\documents\github\lee-do-hun\참고코드\과제\rpg상속완료\project3\gamesystem.cpp(593): warning C4244: '인수': 'double'에서 'int'(으)로 변환하면서 데이터가 손실될 수 있습니다.
c:\users\l\documents\github\lee-do-hun\참고코드\과제\rpg상속완료\project3\gamesystem.cpp(595): warning C4244: '인수': 'double'에서 'int'(으)로 변환하면서 데이터가 손실될 수 있습니다.
c:\users\l\documents\github\lee-do-hun\참고코드\과제\rpg상속완료\project3\gamesystem.cpp(597): warning C4244: '인수': 'double'에서 'int'(으)로 변환하면서 데이터가 손실될 수 있습니다.
c:\users\l\documents\github\lee-do-hun\참고코드\과제\rpg상속완료\project3\gamesystem.cpp(601): warning C4244: '인수': 'double'에서 'int'(으)로 변환하면서 데이터가 손실될 수 있습니다.
c:\users\l\documents\github\lee-do-hun\참고코드\과제\rpg상속완료\project3\gamesystem.cpp(605): warning C4244: '인수': 'double'에서 'int'(으)로 변환하면서 데이터가 손실될 수 있습니다.
c:\users\l\documents\github\lee-do-hun\참고코드\과제\rpg상속완료\project3\gamesystem.cpp(609): warning C4244: '인수': 'double'에서 'int'(으)로 변환하면서 데이터가 손실될 수 있습니다.
c:\users\l\documents\github\lee-do-hun\참고코드\과제\rpg상속완료\project3\gamesystem.cpp(611): warning C4244: '인수': 'double'에서 'int'(으)로 변환하면서 데이터가 손실될 수 있습니다.
c:\users\l\documents\github\lee-do-hun\참고코드\과제\rpg상속완료\project3\gamesystem.cpp(613): warning C4244: '인수': 'double'에서 'int'(으)로 변환하면서 데이터가 손실될 수 있습니다.
c:\users\l\documents\github\lee-do-hun\참고코드\과제\rpg상속완료\project3\gamesystem.cpp(619): warning C4244: '인수': 'double'에서 'int'(으)로 변환하면서 데이터가 손실될 수 있습니다.
c:\users\l\documents\github\lee-do-hun\참고코드\과제\rpg상속완료\project3\gamesystem.cpp(620): warning C4244: '인수': 'double'에서 'int'(으)로 변환하면서 데이터가 손실될 수 있습니다.
c:\users\l\documents\github\lee-do-hun\참고코드\과제\rpg상속완료\project3\gamesystem.cpp(624): warning C4244: '인수': 'double'에서 'int'(으)로 변환하면서 데이터가 손실될 수 있습니다.
c:\users\l\documents\github\lee-do-hun\참고코드\과제\rpg상속완료\project3\gamesystem.cpp(625): warning C4244: '인수': 'double'에서 'int'(으)로 변환하면서 데이터가 손실될 수 있습니다.
c:\users\l\documents\github\lee-do-hun\참고코드\과제\rpg상속완료\project3\gamesystem.cpp(629): warning C4244: '인수': 'double'에서 'int'(으)로 변환하면서 데이터가 손실될 수 있습니다.
c:\users\l\documents\github\lee-do-hun\참고코드\과제\rpg상속완료\project3\gamesystem.cpp(630): warning C4244: '인수': 'double'에서 'int'(으)로 변환하면서 데이터가 손실될 수 있습니다.
c:\users\l\documents\github\lee-do-hun\참고코드\과제\rpg상속완료\project3\gamesystem.cpp(636): warning C4244: '인수': 'double'에서 'int'(으)로 변환하면서 데이터가 손실될 수 있습니다.
c:\users\l\documents\github\lee-do-hun\참고코드\과제\rpg상속완료\project3\gamesystem.cpp(642): warning C4244: '인수': 'double'에서 'int'(으)로 변환하면서 데이터가 손실될 수 있습니다.
c:\users\l\documents\github\lee-do-hun\참고코드\과제\rpg상속완료\project3\gamesystem.cpp(644): warning C4244: '인수': 'double'에서 'int'(으)로 변환하면서 데이터가 손실될 수 있습니다.
c:\users\l\documents\github\lee-do-hun\참고코드\과제\rpg상속완료\project3\gamesystem.cpp(646): warning C4244: '인수': 'double'에서 'int'(으)로 변환하면서 데이터가 손실될 수 있습니다.
c:\users\l\documents\github\lee-do-hun\참고코드\과제\rpg상속완료\project3\gamesystem.cpp(648): warning C4244: '인수': 'double'에서 'int'(으)로 변환하면서 데이터가 손실될 수 있습니다.
c:\users\l\documents\github\lee-do-hun\참고코드\과제\rpg상속완료\project3\gamesystem.cpp(653): warning C4244: '인수': 'double'에서 'int'(으)로 변환하면서 데이터가 손실될 수 있습니다.
c:\users\l\documents\github\lee-do-hun\참고코드\과제\rpg상속완료\project3\gamesystem.cpp(655): warning C4244: '인수': 'double'에서 'int'(으)로 변환하면서 데이터가 손실될 수 있습니다.
c:\users\l\documents\github\lee-do-hun\참고코드\과제\rpg상속완료\project3\gamesystem.cpp(657): warning C4244: '인수': 'double'에서 'int'(으)로 변환하면서 데이터가 손실될 수 있습니다.
c:\users\l\documents\github\lee-do-hun\참고코드\과제\rpg상속완료\project3\gamesystem.cpp(667): warning C4244: '인수': 'double'에서 'int'(으)로 변환하면서 데이터가 손실될 수 있습니다.
c:\users\l\documents\github\lee-do-hun\참고코드\과제\rpg상속완료\project3\gamesystem.cpp(669): warning C4244: '인수': 'double'에서 'int'(으)로 변환하면서 데이터가 손실될 수 있습니다.
c:\users\l\documents\github\lee-do-hun\참고코드\과제\rpg상속완료\project3\gamesystem.cpp(689): warning C4244: '+=': 'double'에서 'int'(으)로 변환하면서 데이터가 손실될 수 있습니다.
c:\users\l\documents\github\lee-do-hun\참고코드\과제\rpg상속완료\project3\gamesystem.cpp(700): warning C4244: '인수': 'double'에서 'int'(으)로 변환하면서 데이터가 손실될 수 있습니다.
c:\users\l\documents\github\lee-do-hun\참고코드\과제\rpg상속완료\project3\gamesystem.cpp(702): warning C4244: '인수': 'double'에서 'int'(으)로 변환하면서 데이터가 손실될 수 있습니다.
c:\users\l\documents\github\lee-do-hun\참고코드\과제\rpg상속완료\project3\gamesystem.cpp(719): warning C4244: '+=': 'double'에서 'int'(으)로 변환하면서 데이터가 손실될 수 있습니다.
c:\users\l\documents\github\lee-do-hun\참고코드\과제\rpg상속완료\project3\gamesystem.cpp(726): warning C4244: '인수': 'double'에서 'int'(으)로 변환하면서 데이터가 손실될 수 있습니다.
c:\users\l\documents\github\lee-do-hun\참고코드\과제\rpg상속완료\project3\gamesystem.cpp(741): warning C4244: '인수': 'double'에서 'int'(으)로 변환하면서 데이터가 손실될 수 있습니다.
c:\users\l\documents\github\lee-do-hun\참고코드\과제\rpg상속완료\project3\gamesystem.cpp(754): warning C4244: '인수': 'double'에서 'int'(으)로 변환하면서 데이터가 손실될 수 있습니다.
  Main.cpp
c:\users\l\documents\github\lee-do-hun\참고코드\과제\rpg상속완료\project3\mapdraw.h(20): warning C4838: 'int'에서 'SHORT'(으)로의 변환에는 축소 변환이 필요합니다.
c:\users\l\documents\github\lee-do-hun\참고코드\과제\rpg상속완료\project3\main.cpp(5): warning C4326: 'main'의 반환 형식이 'int'이어야 하는데 'void'입니다.
c:\users\l\documents\github\lee-do-hun\참고코드\과제\rpg상속완료\project3\main.cpp(6): warning C4244: '인수': 'time_t'에서 'unsigned int'(으)로 변환하면서 데이터가 손실될 수 있습니다.
  MapDraw.cpp
c:\users\l\documents\github\lee-do-hun\참고코드\과제\rpg상속완료\project3\mapdraw.h(20): warning C4838: 'int'에서 'SHORT'(으)로의 변환에는 축소 변환이 필요합니다.
c:\users\l\documents\github\lee-do-hun\참고코드\과제\rpg상속완료\project3\mapdraw.cpp(27): warning C4267: '-=': 'size_t'에서 'int'(으)로 변환하면서 데이터가 손실될 수 있습니다.
  Shop.cpp
c:\users\l\documents\github\lee-do-hun\참고코드\과제\rpg상속완료\project3\mapdraw.h(20): warning C4838: 'int'에서 'SHORT'(으)로의 변환에는 축소 변환이 필요합니다.
c:\users\l\documents\github\lee-do-hun\참고코드\과제\rpg상속완료\project3\shop.cpp(149): warning C4244: '인수': 'double'에서 'int'(으)로 변환하면서 데이터가 손실될 수 있습니다.
c:\users\l\documents\github\lee-do-hun\참고코드\과제\rpg상속완료\project3\shop.cpp(151): warning C4244: '인수': 'double'에서 'int'(으)로 변환하면서 데이터가 손실될 수 있습니다.
c:\users\l\documents\github\lee-do-hun\참고코드\과제\rpg상속완료\project3\shop.cpp(159): warning C4244: '인수': 'double'에서 'int'(으)로 변환하면서 데이터가 손실될 수 있습니다.
c:\users\l\documents\github\lee-do-hun\참고코드\과제\rpg상속완료\project3\shop.cpp(161): warning C4244: '인수': 'double'에서 'int'(으)로 변환하면서 데이터가 손실될 수 있습니다.
c:\users\l\documents\github\lee-do-hun\참고코드\과제\rpg상속완료\project3\shop.cpp(163): warning C4244: '인수': 'double'에서 'int'(으)로 변환하면서 데이터가 손실될 수 있습니다.
c:\users\l\documents\github\lee-do-hun\참고코드\과제\rpg상속완료\project3\shop.cpp(215): warning C4244: '인수': 'double'에서 'int'(으)로 변환하면서 데이터가 손실될 수 있습니다.
c:\users\l\documents\github\lee-do-hun\참고코드\과제\rpg상속완료\project3\shop.cpp(217): warning C4244: '인수': 'double'에서 'int'(으)로 변환하면서 데이터가 손실될 수 있습니다.
c:\users\l\documents\github\lee-do-hun\참고코드\과제\rpg상속완료\project3\shop.cpp(262): warning C4244: '인수': 'double'에서 'int'(으)로 변환하면서 데이터가 손실될 수 있습니다.
c:\users\l\documents\github\lee-do-hun\참고코드\과제\rpg상속완료\project3\shop.cpp(268): warning C4244: '인수': 'double'에서 'int'(으)로 변환하면서 데이터가 손실될 수 있습니다.
c:\users\l\documents\github\lee-do-hun\참고코드\과제\rpg상속완료\project3\shop.cpp(278): warning C4244: '인수': 'double'에서 'int'(으)로 변환하면서 데이터가 손실될 수 있습니다.
c:\users\l\documents\github\lee-do-hun\참고코드\과제\rpg상속완료\project3\shop.cpp(304): warning C4244: '인수': 'double'에서 'int'(으)로 변환하면서 데이터가 손실될 수 있습니다.
c:\users\l\documents\github\lee-do-hun\참고코드\과제\rpg상속완료\project3\shop.cpp(305): warning C4244: '인수': 'double'에서 'int'(으)로 변환하면서 데이터가 손실될 수 있습니다.
c:\users\l\documents\github\lee-do-hun\참고코드\과제\rpg상속완료\project3\shop.cpp(306): warning C4244: '인수': 'double'에서 'int'(으)로 변환하면서 데이터가 손실될 수 있습니다.
c:\users\l\documents\github\lee-do-hun\참고코드\과제\rpg상속완료\project3\shop.cpp(307): warning C4244: '인수': 'double'에서 'int'(으)로 변환하면서 데이터가 손실될 수 있습니다.
c:\users\l\documents\github\lee-do-hun\참고코드\과제\rpg상속완료\project3\shop.cpp(308): warning C4244: '인수': 'double'에서 'int'(으)로 변환하면서 데이터가 손실될 수 있습니다.
c:\users\l\documents\github\lee-do-hun\참고코드\과제\rpg상속완료\project3\shop.cpp(309): warning C4244: '인수': 'double'에서 'int'(으)로 변환하면서 데이터가 손실될 수 있습니다.
c:\users\l\documents\github\lee-do-hun\참고코드\과제\rpg상속완료\project3\shop.cpp(310): warning C4244: '인수': 'double'에서 'int'(으)로 변환하면서 데이터가 손실될 수 있습니다.
c:\users\l\documents\github\lee-do-hun\참고코드\과제\rpg상속완료\project3\shop.cpp(311): warning C4244: '인수': 'double'에서 'int'(으)로 변환하면서 데이터가 손실될 수 있습니다.
c:\users\l\documents\github\lee-do-hun\참고코드\과제\rpg상속완료\project3\shop.cpp(313): warning C4244: '인수': 'double'에서 'int'(으)로 변환하면서 데이터가 손실될 수 있습니다.
  Weapon.cpp
  코드를 생성하고 있습니다...
c:\users\l\documents\github\lee-do-hun\참고코드\과제\rpg상속완료\project3\shop.cpp(192): warning C4715: 'Shop::Buy_Weapon': 모든 제어 경로에서 값을 반환하지는 않습니다.
  LINK : C:\Users\L\Documents\GitHub\LEE-DO-HUN\참고코드\과제\RPG상속완료\x64\Debug\Project3.exe을(를) 찾을 수 없거나 마지막 증분 링크에 의해 빌드되지 않았습니다. 전체 링크를 수행하고 있습니다.
  Project3.vcxproj -> C:\Users\L\Documents\GitHub\LEE-DO-HUN\참고코드\과제\RPG상속완료\x64\Debug\Project3.exe
