  Interface.cpp
c:\users\l\documents\github\lee-do-hun\참고코드\과제\베네치아완료\project6\mapdraw.h(31): warning C4838: 'int'에서 'SHORT'(으)로의 변환에는 축소 변환이 필요합니다.
c:\users\l\documents\github\lee-do-hun\참고코드\과제\베네치아완료\project6\interface.cpp(15): warning C4244: '인수': 'double'에서 'int'(으)로 변환하면서 데이터가 손실될 수 있습니다.
c:\users\l\documents\github\lee-do-hun\참고코드\과제\베네치아완료\project6\interface.cpp(24): warning C4244: '인수': 'double'에서 'int'(으)로 변환하면서 데이터가 손실될 수 있습니다.
c:\users\l\documents\github\lee-do-hun\참고코드\과제\베네치아완료\project6\interface.cpp(33): warning C4244: '인수': 'double'에서 'int'(으)로 변환하면서 데이터가 손실될 수 있습니다.
c:\users\l\documents\github\lee-do-hun\참고코드\과제\베네치아완료\project6\interface.cpp(35): warning C4244: '인수': 'double'에서 'int'(으)로 변환하면서 데이터가 손실될 수 있습니다.
c:\users\l\documents\github\lee-do-hun\참고코드\과제\베네치아완료\project6\interface.cpp(37): warning C4244: '인수': 'double'에서 'int'(으)로 변환하면서 데이터가 손실될 수 있습니다.
c:\users\l\documents\github\lee-do-hun\참고코드\과제\베네치아완료\project6\interface.cpp(43): warning C4244: '인수': 'double'에서 'int'(으)로 변환하면서 데이터가 손실될 수 있습니다.
  Main.cpp
c:\users\l\documents\github\lee-do-hun\참고코드\과제\베네치아완료\project6\mapdraw.h(31): warning C4838: 'int'에서 'SHORT'(으)로의 변환에는 축소 변환이 필요합니다.
c:\users\l\documents\github\lee-do-hun\참고코드\과제\베네치아완료\project6\main.cpp(27): warning C4326: 'main'의 반환 형식이 'int'이어야 하는데 'void'입니다.
c:\users\l\documents\github\lee-do-hun\참고코드\과제\베네치아완료\project6\main.cpp(29): warning C4244: '인수': 'time_t'에서 'unsigned int'(으)로 변환하면서 데이터가 손실될 수 있습니다.
  MapDraw.cpp
c:\users\l\documents\github\lee-do-hun\참고코드\과제\베네치아완료\project6\mapdraw.h(31): warning C4838: 'int'에서 'SHORT'(으)로의 변환에는 축소 변환이 필요합니다.
c:\users\l\documents\github\lee-do-hun\참고코드\과제\베네치아완료\project6\mapdraw.cpp(43): warning C4267: '-=': 'size_t'에서 'int'(으)로 변환하면서 데이터가 손실될 수 있습니다.
  Play.cpp
c:\users\l\documents\github\lee-do-hun\참고코드\과제\베네치아완료\project6\mapdraw.h(31): warning C4838: 'int'에서 'SHORT'(으)로의 변환에는 축소 변환이 필요합니다.
c:\users\l\documents\github\lee-do-hun\참고코드\과제\베네치아완료\project6\play.cpp(42): warning C4244: '인수': 'double'에서 'int'(으)로 변환하면서 데이터가 손실될 수 있습니다.
c:\users\l\documents\github\lee-do-hun\참고코드\과제\베네치아완료\project6\play.cpp(46): warning C4244: '인수': 'double'에서 'int'(으)로 변환하면서 데이터가 손실될 수 있습니다.
c:\users\l\documents\github\lee-do-hun\참고코드\과제\베네치아완료\project6\play.cpp(72): warning C4244: '인수': 'double'에서 'int'(으)로 변환하면서 데이터가 손실될 수 있습니다.
c:\users\l\documents\github\lee-do-hun\참고코드\과제\베네치아완료\project6\play.cpp(73): warning C4244: '인수': 'double'에서 'int'(으)로 변환하면서 데이터가 손실될 수 있습니다.
c:\users\l\documents\github\lee-do-hun\참고코드\과제\베네치아완료\project6\play.cpp(74): warning C4244: '인수': 'double'에서 'int'(으)로 변환하면서 데이터가 손실될 수 있습니다.
c:\users\l\documents\github\lee-do-hun\참고코드\과제\베네치아완료\project6\play.cpp(76): warning C4244: '인수': 'double'에서 'int'(으)로 변환하면서 데이터가 손실될 수 있습니다.
c:\users\l\documents\github\lee-do-hun\참고코드\과제\베네치아완료\project6\play.cpp(150): warning C4244: '인수': 'double'에서 'int'(으)로 변환하면서 데이터가 손실될 수 있습니다.
c:\users\l\documents\github\lee-do-hun\참고코드\과제\베네치아완료\project6\play.cpp(152): warning C4244: '인수': 'double'에서 'int'(으)로 변환하면서 데이터가 손실될 수 있습니다.
c:\users\l\documents\github\lee-do-hun\참고코드\과제\베네치아완료\project6\play.cpp(153): warning C4244: '인수': 'double'에서 'int'(으)로 변환하면서 데이터가 손실될 수 있습니다.
c:\users\l\documents\github\lee-do-hun\참고코드\과제\베네치아완료\project6\play.cpp(167): warning C4244: '인수': 'double'에서 'int'(으)로 변환하면서 데이터가 손실될 수 있습니다.
c:\users\l\documents\github\lee-do-hun\참고코드\과제\베네치아완료\project6\play.cpp(222): warning C4244: '인수': 'double'에서 'int'(으)로 변환하면서 데이터가 손실될 수 있습니다.
c:\users\l\documents\github\lee-do-hun\참고코드\과제\베네치아완료\project6\play.cpp(223): warning C4244: '인수': 'double'에서 'int'(으)로 변환하면서 데이터가 손실될 수 있습니다.
c:\users\l\documents\github\lee-do-hun\참고코드\과제\베네치아완료\project6\play.cpp(226): warning C4244: '인수': 'double'에서 'int'(으)로 변환하면서 데이터가 손실될 수 있습니다.
c:\users\l\documents\github\lee-do-hun\참고코드\과제\베네치아완료\project6\play.cpp(227): warning C4244: '인수': 'double'에서 'int'(으)로 변환하면서 데이터가 손실될 수 있습니다.
c:\users\l\documents\github\lee-do-hun\참고코드\과제\베네치아완료\project6\play.cpp(230): warning C4244: '인수': 'double'에서 'int'(으)로 변환하면서 데이터가 손실될 수 있습니다.
c:\users\l\documents\github\lee-do-hun\참고코드\과제\베네치아완료\project6\play.cpp(246): warning C4244: '인수': 'double'에서 'int'(으)로 변환하면서 데이터가 손실될 수 있습니다.
c:\users\l\documents\github\lee-do-hun\참고코드\과제\베네치아완료\project6\play.cpp(247): warning C4244: '인수': 'double'에서 'int'(으)로 변환하면서 데이터가 손실될 수 있습니다.
c:\users\l\documents\github\lee-do-hun\참고코드\과제\베네치아완료\project6\play.cpp(263): warning C4244: '인수': 'double'에서 'int'(으)로 변환하면서 데이터가 손실될 수 있습니다.
c:\users\l\documents\github\lee-do-hun\참고코드\과제\베네치아완료\project6\play.cpp(268): warning C4244: '인수': 'double'에서 'int'(으)로 변환하면서 데이터가 손실될 수 있습니다.
c:\users\l\documents\github\lee-do-hun\참고코드\과제\베네치아완료\project6\play.cpp(288): warning C4244: '인수': 'double'에서 'int'(으)로 변환하면서 데이터가 손실될 수 있습니다.
c:\users\l\documents\github\lee-do-hun\참고코드\과제\베네치아완료\project6\play.cpp(289): warning C4244: '인수': 'double'에서 'int'(으)로 변환하면서 데이터가 손실될 수 있습니다.
c:\users\l\documents\github\lee-do-hun\참고코드\과제\베네치아완료\project6\play.cpp(304): warning C4244: '인수': 'double'에서 'int'(으)로 변환하면서 데이터가 손실될 수 있습니다.
c:\users\l\documents\github\lee-do-hun\참고코드\과제\베네치아완료\project6\play.cpp(318): warning C4244: '인수': 'double'에서 'int'(으)로 변환하면서 데이터가 손실될 수 있습니다.
c:\users\l\documents\github\lee-do-hun\참고코드\과제\베네치아완료\project6\play.cpp(323): warning C4244: '인수': 'double'에서 'int'(으)로 변환하면서 데이터가 손실될 수 있습니다.
c:\users\l\documents\github\lee-do-hun\참고코드\과제\베네치아완료\project6\play.cpp(350): warning C4244: '인수': 'double'에서 'int'(으)로 변환하면서 데이터가 손실될 수 있습니다.
c:\users\l\documents\github\lee-do-hun\참고코드\과제\베네치아완료\project6\play.cpp(351): warning C4244: '인수': 'double'에서 'int'(으)로 변환하면서 데이터가 손실될 수 있습니다.
c:\users\l\documents\github\lee-do-hun\참고코드\과제\베네치아완료\project6\play.cpp(407): warning C4244: '인수': 'double'에서 'int'(으)로 변환하면서 데이터가 손실될 수 있습니다.
c:\users\l\documents\github\lee-do-hun\참고코드\과제\베네치아완료\project6\play.cpp(417): warning C4244: '인수': 'double'에서 'int'(으)로 변환하면서 데이터가 손실될 수 있습니다.
c:\users\l\documents\github\lee-do-hun\참고코드\과제\베네치아완료\project6\play.cpp(419): warning C4244: '인수': 'double'에서 'int'(으)로 변환하면서 데이터가 손실될 수 있습니다.
c:\users\l\documents\github\lee-do-hun\참고코드\과제\베네치아완료\project6\play.cpp(433): warning C4244: '인수': 'double'에서 'int'(으)로 변환하면서 데이터가 손실될 수 있습니다.
c:\users\l\documents\github\lee-do-hun\참고코드\과제\베네치아완료\project6\play.cpp(493): warning C4267: '=': 'size_t'에서 'int'(으)로 변환하면서 데이터가 손실될 수 있습니다.
c:\users\l\documents\github\lee-do-hun\참고코드\과제\베네치아완료\project6\play.cpp(520): warning C4267: '=': 'size_t'에서 'int'(으)로 변환하면서 데이터가 손실될 수 있습니다.
c:\users\l\documents\github\lee-do-hun\참고코드\과제\베네치아완료\project6\play.cpp(547): warning C4267: '=': 'size_t'에서 'int'(으)로 변환하면서 데이터가 손실될 수 있습니다.
c:\users\l\documents\github\lee-do-hun\참고코드\과제\베네치아완료\project6\play.cpp(595): warning C4244: '인수': 'double'에서 'int'(으)로 변환하면서 데이터가 손실될 수 있습니다.
  Rank.cpp
  Ward.cpp
  WardManager.cpp
c:\users\l\documents\github\lee-do-hun\참고코드\과제\베네치아완료\project6\mapdraw.h(31): warning C4838: 'int'에서 'SHORT'(으)로의 변환에는 축소 변환이 필요합니다.
c:\users\l\documents\github\lee-do-hun\참고코드\과제\베네치아완료\project6\wardmanager.cpp(105): warning C4267: '=': 'size_t'에서 'int'(으)로 변환하면서 데이터가 손실될 수 있습니다.
  코드를 생성하고 있습니다...
c:\users\l\documents\github\lee-do-hun\참고코드\과제\베네치아완료\project6\play.cpp(454): warning C4715: 'Play::Draw_Drop': 모든 제어 경로에서 값을 반환하지는 않습니다.
  LINK : C:\Users\L\Documents\GitHub\LEE-DO-HUN\참고코드\과제\베네치아완료\x64\Debug\Project6.exe을(를) 찾을 수 없거나 마지막 증분 링크에 의해 빌드되지 않았습니다. 전체 링크를 수행하고 있습니다.
  Project6.vcxproj -> C:\Users\L\Documents\GitHub\LEE-DO-HUN\참고코드\과제\베네치아완료\x64\Debug\Project6.exe
