  Main.cpp
c:\users\l\documents\github\lee-do-hun\참고코드\과제\베네치아 - 만드는중\project6\mapdraw.h(30): warning C4838: 'int'에서 'SHORT'(으)로의 변환에는 축소 변환이 필요합니다.
c:\users\l\documents\github\lee-do-hun\참고코드\과제\베네치아 - 만드는중\project6\main.cpp(5): warning C4326: 'main'의 반환 형식이 'int'이어야 하는데 'void'입니다.
c:\users\l\documents\github\lee-do-hun\참고코드\과제\베네치아 - 만드는중\project6\main.cpp(6): warning C4244: '인수': 'time_t'에서 'unsigned int'(으)로 변환하면서 데이터가 손실될 수 있습니다.
  Play.cpp
c:\users\l\documents\github\lee-do-hun\참고코드\과제\베네치아 - 만드는중\project6\mapdraw.h(30): warning C4838: 'int'에서 'SHORT'(으)로의 변환에는 축소 변환이 필요합니다.
c:\users\l\documents\github\lee-do-hun\참고코드\과제\베네치아 - 만드는중\project6\play.cpp(35): warning C4244: '인수': 'double'에서 'int'(으)로 변환하면서 데이터가 손실될 수 있습니다.
c:\users\l\documents\github\lee-do-hun\참고코드\과제\베네치아 - 만드는중\project6\play.cpp(39): warning C4244: '인수': 'double'에서 'int'(으)로 변환하면서 데이터가 손실될 수 있습니다.
c:\users\l\documents\github\lee-do-hun\참고코드\과제\베네치아 - 만드는중\project6\play.cpp(60): warning C4244: '인수': 'double'에서 'int'(으)로 변환하면서 데이터가 손실될 수 있습니다.
c:\users\l\documents\github\lee-do-hun\참고코드\과제\베네치아 - 만드는중\project6\play.cpp(61): warning C4244: '인수': 'double'에서 'int'(으)로 변환하면서 데이터가 손실될 수 있습니다.
c:\users\l\documents\github\lee-do-hun\참고코드\과제\베네치아 - 만드는중\project6\play.cpp(62): warning C4244: '인수': 'double'에서 'int'(으)로 변환하면서 데이터가 손실될 수 있습니다.
c:\users\l\documents\github\lee-do-hun\참고코드\과제\베네치아 - 만드는중\project6\play.cpp(64): warning C4244: '인수': 'double'에서 'int'(으)로 변환하면서 데이터가 손실될 수 있습니다.
c:\users\l\documents\github\lee-do-hun\참고코드\과제\베네치아 - 만드는중\project6\play.cpp(80): warning C4244: '인수': 'double'에서 'int'(으)로 변환하면서 데이터가 손실될 수 있습니다.
c:\users\l\documents\github\lee-do-hun\참고코드\과제\베네치아 - 만드는중\project6\play.cpp(135): warning C4244: '인수': 'double'에서 'int'(으)로 변환하면서 데이터가 손실될 수 있습니다.
c:\users\l\documents\github\lee-do-hun\참고코드\과제\베네치아 - 만드는중\project6\play.cpp(136): warning C4244: '인수': 'double'에서 'int'(으)로 변환하면서 데이터가 손실될 수 있습니다.
c:\users\l\documents\github\lee-do-hun\참고코드\과제\베네치아 - 만드는중\project6\play.cpp(139): warning C4244: '인수': 'double'에서 'int'(으)로 변환하면서 데이터가 손실될 수 있습니다.
c:\users\l\documents\github\lee-do-hun\참고코드\과제\베네치아 - 만드는중\project6\play.cpp(140): warning C4244: '인수': 'double'에서 'int'(으)로 변환하면서 데이터가 손실될 수 있습니다.
c:\users\l\documents\github\lee-do-hun\참고코드\과제\베네치아 - 만드는중\project6\play.cpp(143): warning C4244: '인수': 'double'에서 'int'(으)로 변환하면서 데이터가 손실될 수 있습니다.
c:\users\l\documents\github\lee-do-hun\참고코드\과제\베네치아 - 만드는중\project6\play.cpp(159): warning C4244: '인수': 'double'에서 'int'(으)로 변환하면서 데이터가 손실될 수 있습니다.
c:\users\l\documents\github\lee-do-hun\참고코드\과제\베네치아 - 만드는중\project6\play.cpp(160): warning C4244: '인수': 'double'에서 'int'(으)로 변환하면서 데이터가 손실될 수 있습니다.
c:\users\l\documents\github\lee-do-hun\참고코드\과제\베네치아 - 만드는중\project6\play.cpp(175): warning C4244: '인수': 'double'에서 'int'(으)로 변환하면서 데이터가 손실될 수 있습니다.
c:\users\l\documents\github\lee-do-hun\참고코드\과제\베네치아 - 만드는중\project6\play.cpp(180): warning C4244: '인수': 'double'에서 'int'(으)로 변환하면서 데이터가 손실될 수 있습니다.
c:\users\l\documents\github\lee-do-hun\참고코드\과제\베네치아 - 만드는중\project6\play.cpp(197): warning C4244: '인수': 'double'에서 'int'(으)로 변환하면서 데이터가 손실될 수 있습니다.
c:\users\l\documents\github\lee-do-hun\참고코드\과제\베네치아 - 만드는중\project6\play.cpp(198): warning C4244: '인수': 'double'에서 'int'(으)로 변환하면서 데이터가 손실될 수 있습니다.
c:\users\l\documents\github\lee-do-hun\참고코드\과제\베네치아 - 만드는중\project6\play.cpp(213): warning C4244: '인수': 'double'에서 'int'(으)로 변환하면서 데이터가 손실될 수 있습니다.
c:\users\l\documents\github\lee-do-hun\참고코드\과제\베네치아 - 만드는중\project6\play.cpp(227): warning C4244: '인수': 'double'에서 'int'(으)로 변환하면서 데이터가 손실될 수 있습니다.
c:\users\l\documents\github\lee-do-hun\참고코드\과제\베네치아 - 만드는중\project6\play.cpp(232): warning C4244: '인수': 'double'에서 'int'(으)로 변환하면서 데이터가 손실될 수 있습니다.
c:\users\l\documents\github\lee-do-hun\참고코드\과제\베네치아 - 만드는중\project6\play.cpp(259): warning C4244: '인수': 'double'에서 'int'(으)로 변환하면서 데이터가 손실될 수 있습니다.
c:\users\l\documents\github\lee-do-hun\참고코드\과제\베네치아 - 만드는중\project6\play.cpp(260): warning C4244: '인수': 'double'에서 'int'(으)로 변환하면서 데이터가 손실될 수 있습니다.
c:\users\l\documents\github\lee-do-hun\참고코드\과제\베네치아 - 만드는중\project6\play.cpp(305): warning C4244: '인수': 'double'에서 'int'(으)로 변환하면서 데이터가 손실될 수 있습니다.
c:\users\l\documents\github\lee-do-hun\참고코드\과제\베네치아 - 만드는중\project6\play.cpp(308): warning C4244: '인수': 'double'에서 'int'(으)로 변환하면서 데이터가 손실될 수 있습니다.
c:\users\l\documents\github\lee-do-hun\참고코드\과제\베네치아 - 만드는중\project6\play.cpp(322): warning C4244: '인수': 'double'에서 'int'(으)로 변환하면서 데이터가 손실될 수 있습니다.
c:\users\l\documents\github\lee-do-hun\참고코드\과제\베네치아 - 만드는중\project6\play.cpp(345): warning C4267: '=': 'size_t'에서 'int'(으)로 변환하면서 데이터가 손실될 수 있습니다.
c:\users\l\documents\github\lee-do-hun\참고코드\과제\베네치아 - 만드는중\project6\play.cpp(350): warning C4244: '+=': 'double'에서 'int'(으)로 변환하면서 데이터가 손실될 수 있습니다.
c:\users\l\documents\github\lee-do-hun\참고코드\과제\베네치아 - 만드는중\project6\play.cpp(366): warning C4244: '인수': 'double'에서 'int'(으)로 변환하면서 데이터가 손실될 수 있습니다.
  코드를 생성하고 있습니다...
  Project6.vcxproj -> C:\Users\L\Documents\GitHub\LEE-DO-HUN\참고코드\과제\베네치아 - 만드는중\x64\Debug\Project6.exe
